<!DOCTYPE html PUBLIC "-//W3C//DTD XHTML 1.1//EN" "https://www.w3.org/TR/xhtml11/DTD/xhtml11.dtd">
<html xmlns="https://www.w3.org/1999/xhtml">
<head>
<meta http-equiv="content-type" content="text/html; charset=UTF-8"/>
<title>TestNG Report</title>
<style type="text/css">table {margin-bottom:10px;border-collapse:collapse;empty-cells:show}th,td {border:1px solid #009;padding:.25em .5em}th {vertical-align:bottom}td {vertical-align:top}table a {font-weight:bold}.stripe td {background-color: #E6EBF9}.num {text-align:right}.passedodd td {background-color: #3F3}.passedeven td {background-color: #0A0}.skippedodd td {background-color: #DDD}.skippedeven td {background-color: #CCC}.failedodd td,.attn {background-color: #F33}.failedeven td,.stripe .attn {background-color: #D00}.stacktrace {white-space:pre;font-family:monospace}.totop {font-size:85%;text-align:center;border-bottom:2px solid #000}.invisible {display:none}</style>
</head>
<body>
<table>
<tr><th>Test</th><th># Passed</th><th># Skipped</th><th># Retried</th><th># Failed</th><th>Time (ms)</th><th>Included Groups</th><th>Excluded Groups</th></tr>
<tr><th colspan="8">Default suite</th></tr>
<tr><td><a href="#t0">Default test</a></td><td class="num">0</td><td class="num">0</td><td class="num">0</td><td class="num attn">5</td><td class="num">87,207</td><td></td><td></td></tr>
</table>
<table id='summary'><thead><tr><th>Class</th><th>Method</th><th>Start</th><th>Time (ms)</th></tr></thead><tbody><tr><th colspan="4">Default suite</th></tr></tbody><tbody id="t0"><tr><th colspan="4">Default test &#8212; failed</th></tr><tr class="failedeven"><td rowspan="5">com.Khelmart.Logesh.TestRunner</td><td><a href="#m0">runScenario</a></td><td rowspan="5">1700553384406</td><td rowspan="5">78209</td></tr><tr class="failedeven"><td><a href="#m1">runScenario</a></td></tr><tr class="failedeven"><td><a href="#m2">runScenario</a></td></tr><tr class="failedeven"><td><a href="#m3">runScenario</a></td></tr><tr class="failedeven"><td><a href="#m4">runScenario</a></td></tr></tbody>
</table>
<h2>Default test</h2><h3 id="m0">com.Khelmart.Logesh.TestRunner#runScenario</h3><table class="result"><tr class="param"><th>Parameter #1</th><th>Parameter #2</th></tr><tr class="param stripe"><td>&quot;User select product and calculate shipping cost&quot;</td><td>&quot;User needs to calculate Shipping Cost&quot;</td></tr><tr><th colspan="2">Exception</th></tr><tr><td colspan="2"><div class="stacktrace">org.openqa.selenium.ElementClickInterceptedException: element click intercepted: Element &lt;a href=&quot;javascript:void(0)&quot; data-role=&quot;content-toggle&quot; class=&quot;content-toggle&quot;&gt;...&lt;/a&gt; is not clickable at point (1005, 631). Other element would receive the click: &lt;div data-role=&quot;cdz-close-sidebar&quot; id=&quot;cdz-sidebar-backface&quot; class=&quot;cdz-sidebar-backface&quot;&gt;&lt;/div&gt;
  (Session info: chrome=114.0.5735.199)
Build info: version: &apos;4.14.1&apos;, revision: &apos;03f8ede370&apos;
System info: os.name: &apos;Windows 10&apos;, os.arch: &apos;amd64&apos;, os.version: &apos;10.0&apos;, java.version: &apos;17.0.8.1&apos;
Driver info: org.openqa.selenium.chrome.ChromeDriver
Command: [d9004512dabcbc3d2edb3bb9b803e460, clickElement {id=27321AC938149732ED43DF6CF51A2913_element_86}]
Capabilities {acceptInsecureCerts: false, browserName: chrome, browserVersion: 114.0.5735.199, chrome: {chromedriverVersion: 114.0.5735.90 (386bc09e8f4f..., userDataDir: C:\Users\LSRINI~1\AppData\L...}, goog:chromeOptions: {debuggerAddress: localhost:53360}, networkConnectionEnabled: false, pageLoadStrategy: normal, platformName: windows, proxy: Proxy(), se:cdp: ws://localhost:53360/devtoo..., se:cdpVersion: 114.0.5735.199, setWindowRect: true, strictFileInteractability: false, timeouts: {implicit: 0, pageLoad: 300000, script: 30000}, unhandledPromptBehavior: dismiss and notify, webauthn:extension:credBlob: true, webauthn:extension:largeBlob: true, webauthn:extension:minPinLength: true, webauthn:extension:prf: true, webauthn:virtualAuthenticators: true}
Element: [[ChromeDriver: chrome on windows (d9004512dabcbc3d2edb3bb9b803e460)] -&gt; xpath: //a[text()=&apos;Calculate Shipping Cost&apos;]]
Session ID: d9004512dabcbc3d2edb3bb9b803e460
	at java.base/jdk.internal.reflect.NativeConstructorAccessorImpl.newInstance0(Native Method)
	at java.base/jdk.internal.reflect.NativeConstructorAccessorImpl.newInstance(NativeConstructorAccessorImpl.java:77)
	at java.base/jdk.internal.reflect.DelegatingConstructorAccessorImpl.newInstance(DelegatingConstructorAccessorImpl.java:45)
	at java.base/java.lang.reflect.Constructor.newInstanceWithCaller(Constructor.java:499)
	at java.base/java.lang.reflect.Constructor.newInstance(Constructor.java:480)
	at org.openqa.selenium.remote.codec.w3c.W3CHttpResponseCodec.createException(W3CHttpResponseCodec.java:200)
	at org.openqa.selenium.remote.codec.w3c.W3CHttpResponseCodec.decode(W3CHttpResponseCodec.java:133)
	at org.openqa.selenium.remote.codec.w3c.W3CHttpResponseCodec.decode(W3CHttpResponseCodec.java:52)
	at org.openqa.selenium.remote.HttpCommandExecutor.execute(HttpCommandExecutor.java:191)
	at org.openqa.selenium.remote.service.DriverCommandExecutor.invokeExecute(DriverCommandExecutor.java:200)
	at org.openqa.selenium.remote.service.DriverCommandExecutor.execute(DriverCommandExecutor.java:175)
	at org.openqa.selenium.remote.RemoteWebDriver.execute(RemoteWebDriver.java:602)
	at org.openqa.selenium.remote.RemoteWebElement.execute(RemoteWebElement.java:224)
	at org.openqa.selenium.remote.RemoteWebElement.click(RemoteWebElement.java:77)
	at java.base/jdk.internal.reflect.NativeMethodAccessorImpl.invoke0(Native Method)
	at java.base/jdk.internal.reflect.NativeMethodAccessorImpl.invoke(NativeMethodAccessorImpl.java:77)
	at java.base/jdk.internal.reflect.DelegatingMethodAccessorImpl.invoke(DelegatingMethodAccessorImpl.java:43)
	at java.base/java.lang.reflect.Method.invoke(Method.java:568)
	at org.openqa.selenium.support.pagefactory.internal.LocatingElementHandler.invoke(LocatingElementHandler.java:51)
	at jdk.proxy2/jdk.proxy2.$Proxy40.click(Unknown Source)
	at com.Khelmart.Logesh.ShippingAction.clickShippingCost(ShippingAction.java:29)
	at com.Khelmart.Logesh.ShippingStepDefinition.user_clicks_shipping_cost(ShippingStepDefinition.java:35)
	at ✽.User clicks Shipping cost(file:///C:/Users/lsrinivasan/final%20project/Logesh/src/test/resource/Features/Shipping.feature:8)
</div></td></tr></table><p class="totop"><a href="#summary">back to summary</a></p>
<h3 id="m1">com.Khelmart.Logesh.TestRunner#runScenario</h3><table class="result"><tr class="param"><th>Parameter #1</th><th>Parameter #2</th></tr><tr class="param stripe"><td>&quot;Add product to cart and remove&quot;</td><td>&quot;User add product to cart and remove product from cart&quot;</td></tr><tr><th colspan="2">Exception</th></tr><tr><td colspan="2"><div class="stacktrace">org.openqa.selenium.ElementClickInterceptedException: element click intercepted: Element &lt;span class=&quot;text-uppercase&quot;&gt;...&lt;/span&gt; is not clickable at point (1674, 89). Other element would receive the click: &lt;div data-role=&quot;cdz-close-sidebar&quot; id=&quot;cdz-sidebar-backface&quot; class=&quot;cdz-sidebar-backface&quot;&gt;&lt;/div&gt;
  (Session info: chrome=114.0.5735.199)
Build info: version: &apos;4.14.1&apos;, revision: &apos;03f8ede370&apos;
System info: os.name: &apos;Windows 10&apos;, os.arch: &apos;amd64&apos;, os.version: &apos;10.0&apos;, java.version: &apos;17.0.8.1&apos;
Driver info: org.openqa.selenium.chrome.ChromeDriver
Command: [d9004512dabcbc3d2edb3bb9b803e460, clickElement {id=27321AC938149732ED43DF6CF51A2913_element_53}]
Capabilities {acceptInsecureCerts: false, browserName: chrome, browserVersion: 114.0.5735.199, chrome: {chromedriverVersion: 114.0.5735.90 (386bc09e8f4f..., userDataDir: C:\Users\LSRINI~1\AppData\L...}, goog:chromeOptions: {debuggerAddress: localhost:53360}, networkConnectionEnabled: false, pageLoadStrategy: normal, platformName: windows, proxy: Proxy(), se:cdp: ws://localhost:53360/devtoo..., se:cdpVersion: 114.0.5735.199, setWindowRect: true, strictFileInteractability: false, timeouts: {implicit: 0, pageLoad: 300000, script: 30000}, unhandledPromptBehavior: dismiss and notify, webauthn:extension:credBlob: true, webauthn:extension:largeBlob: true, webauthn:extension:minPinLength: true, webauthn:extension:prf: true, webauthn:virtualAuthenticators: true}
Element: [[ChromeDriver: chrome on windows (d9004512dabcbc3d2edb3bb9b803e460)] -&gt; xpath: //span[text()=&apos;Your account&apos;]]
Session ID: d9004512dabcbc3d2edb3bb9b803e460
	at java.base/jdk.internal.reflect.NativeConstructorAccessorImpl.newInstance0(Native Method)
	at java.base/jdk.internal.reflect.NativeConstructorAccessorImpl.newInstance(NativeConstructorAccessorImpl.java:77)
	at java.base/jdk.internal.reflect.DelegatingConstructorAccessorImpl.newInstance(DelegatingConstructorAccessorImpl.java:45)
	at java.base/java.lang.reflect.Constructor.newInstanceWithCaller(Constructor.java:499)
	at java.base/java.lang.reflect.Constructor.newInstance(Constructor.java:480)
	at org.openqa.selenium.remote.codec.w3c.W3CHttpResponseCodec.createException(W3CHttpResponseCodec.java:200)
	at org.openqa.selenium.remote.codec.w3c.W3CHttpResponseCodec.decode(W3CHttpResponseCodec.java:133)
	at org.openqa.selenium.remote.codec.w3c.W3CHttpResponseCodec.decode(W3CHttpResponseCodec.java:52)
	at org.openqa.selenium.remote.HttpCommandExecutor.execute(HttpCommandExecutor.java:191)
	at org.openqa.selenium.remote.service.DriverCommandExecutor.invokeExecute(DriverCommandExecutor.java:200)
	at org.openqa.selenium.remote.service.DriverCommandExecutor.execute(DriverCommandExecutor.java:175)
	at org.openqa.selenium.remote.RemoteWebDriver.execute(RemoteWebDriver.java:602)
	at org.openqa.selenium.remote.RemoteWebElement.execute(RemoteWebElement.java:224)
	at org.openqa.selenium.remote.RemoteWebElement.click(RemoteWebElement.java:77)
	at java.base/jdk.internal.reflect.NativeMethodAccessorImpl.invoke0(Native Method)
	at java.base/jdk.internal.reflect.NativeMethodAccessorImpl.invoke(NativeMethodAccessorImpl.java:77)
	at java.base/jdk.internal.reflect.DelegatingMethodAccessorImpl.invoke(DelegatingMethodAccessorImpl.java:43)
	at java.base/java.lang.reflect.Method.invoke(Method.java:568)
	at org.openqa.selenium.support.pagefactory.internal.LocatingElementHandler.invoke(LocatingElementHandler.java:51)
	at jdk.proxy2/jdk.proxy2.$Proxy40.click(Unknown Source)
	at com.Khelmart.Logesh.LoginPageAction.myAccount(LoginPageAction.java:21)
	at com.Khelmart.Logesh.Logindefination.user_clicks_the_my_account_option_in_homepage(Logindefination.java:30)
	at ✽.User clicks the my account option in homepage(file:///C:/Users/lsrinivasan/final%20project/Logesh/src/test/resource/Features/AddToCart.feature:5)
</div></td></tr></table><p class="totop"><a href="#summary">back to summary</a></p>
<h3 id="m2">com.Khelmart.Logesh.TestRunner#runScenario</h3><table class="result"><tr class="param"><th>Parameter #1</th><th>Parameter #2</th></tr><tr class="param stripe"><td>&quot;Register a new Customer&quot;</td><td>&quot;Register a new customer in Khelmart Application&quot;</td></tr><tr><th colspan="2">Exception</th></tr><tr><td colspan="2"><div class="stacktrace">org.openqa.selenium.ElementNotInteractableException: element not interactable
  (Session info: chrome=114.0.5735.199)
Build info: version: &apos;4.14.1&apos;, revision: &apos;03f8ede370&apos;
System info: os.name: &apos;Windows 10&apos;, os.arch: &apos;amd64&apos;, os.version: &apos;10.0&apos;, java.version: &apos;17.0.8.1&apos;
Driver info: org.openqa.selenium.chrome.ChromeDriver
Command: [d9004512dabcbc3d2edb3bb9b803e460, clickElement {id=05FC2CE73E76F06890AAD76BEC84FE16_element_50}]
Capabilities {acceptInsecureCerts: false, browserName: chrome, browserVersion: 114.0.5735.199, chrome: {chromedriverVersion: 114.0.5735.90 (386bc09e8f4f..., userDataDir: C:\Users\LSRINI~1\AppData\L...}, goog:chromeOptions: {debuggerAddress: localhost:53360}, networkConnectionEnabled: false, pageLoadStrategy: normal, platformName: windows, proxy: Proxy(), se:cdp: ws://localhost:53360/devtoo..., se:cdpVersion: 114.0.5735.199, setWindowRect: true, strictFileInteractability: false, timeouts: {implicit: 0, pageLoad: 300000, script: 30000}, unhandledPromptBehavior: dismiss and notify, webauthn:extension:credBlob: true, webauthn:extension:largeBlob: true, webauthn:extension:minPinLength: true, webauthn:extension:prf: true, webauthn:virtualAuthenticators: true}
Element: [[ChromeDriver: chrome on windows (d9004512dabcbc3d2edb3bb9b803e460)] -&gt; xpath: //a[text()=&apos; My account&apos;]]
Session ID: d9004512dabcbc3d2edb3bb9b803e460
	at java.base/jdk.internal.reflect.NativeConstructorAccessorImpl.newInstance0(Native Method)
	at java.base/jdk.internal.reflect.NativeConstructorAccessorImpl.newInstance(NativeConstructorAccessorImpl.java:77)
	at java.base/jdk.internal.reflect.DelegatingConstructorAccessorImpl.newInstance(DelegatingConstructorAccessorImpl.java:45)
	at java.base/java.lang.reflect.Constructor.newInstanceWithCaller(Constructor.java:499)
	at java.base/java.lang.reflect.Constructor.newInstance(Constructor.java:480)
	at org.openqa.selenium.remote.codec.w3c.W3CHttpResponseCodec.createException(W3CHttpResponseCodec.java:200)
	at org.openqa.selenium.remote.codec.w3c.W3CHttpResponseCodec.decode(W3CHttpResponseCodec.java:133)
	at org.openqa.selenium.remote.codec.w3c.W3CHttpResponseCodec.decode(W3CHttpResponseCodec.java:52)
	at org.openqa.selenium.remote.HttpCommandExecutor.execute(HttpCommandExecutor.java:191)
	at org.openqa.selenium.remote.service.DriverCommandExecutor.invokeExecute(DriverCommandExecutor.java:200)
	at org.openqa.selenium.remote.service.DriverCommandExecutor.execute(DriverCommandExecutor.java:175)
	at org.openqa.selenium.remote.RemoteWebDriver.execute(RemoteWebDriver.java:602)
	at org.openqa.selenium.remote.RemoteWebElement.execute(RemoteWebElement.java:224)
	at org.openqa.selenium.remote.RemoteWebElement.click(RemoteWebElement.java:77)
	at java.base/jdk.internal.reflect.NativeMethodAccessorImpl.invoke0(Native Method)
	at java.base/jdk.internal.reflect.NativeMethodAccessorImpl.invoke(NativeMethodAccessorImpl.java:77)
	at java.base/jdk.internal.reflect.DelegatingMethodAccessorImpl.invoke(DelegatingMethodAccessorImpl.java:43)
	at java.base/java.lang.reflect.Method.invoke(Method.java:568)
	at org.openqa.selenium.support.pagefactory.internal.LocatingElementHandler.invoke(LocatingElementHandler.java:51)
	at jdk.proxy2/jdk.proxy2.$Proxy40.click(Unknown Source)
	at com.Khelmart.Logesh.RegisterAction.clickMyccount(RegisterAction.java:20)
	at com.Khelmart.Logesh.RegisterAction.Click(RegisterAction.java:65)
	at com.Khelmart.Logesh.RegisterDefinition.user_clicks_account_and_in_that_clicks_new_customer(RegisterDefinition.java:22)
	at ✽.User clicks account and in that clicks new customer(file:///C:/Users/lsrinivasan/final%20project/Logesh/src/test/resource/Features/Register.feature:6)
</div></td></tr></table><p class="totop"><a href="#summary">back to summary</a></p>
<h3 id="m3">com.Khelmart.Logesh.TestRunner#runScenario</h3><table class="result"><tr class="param"><th>Parameter #1</th><th>Parameter #2</th></tr><tr class="param stripe"><td>&quot;User login to the khelmart  page using valid credentials&quot;</td><td>&quot;Logging to the khelmart page&quot;</td></tr><tr><th colspan="2">Exception</th></tr><tr><td colspan="2"><div class="stacktrace">org.openqa.selenium.NoSuchElementException: no such element: Unable to locate element: {&quot;method&quot;:&quot;xpath&quot;,&quot;selector&quot;:&quot;/html/body/div[2]/div[8]/div/div/div[1]/div[1]/div/div/form/div[1]/div/input&quot;}
  (Session info: chrome=114.0.5735.199)
For documentation on this error, please visit: https://www.selenium.dev/documentation/webdriver/troubleshooting/errors#no-such-element-exception
Build info: version: &apos;4.14.1&apos;, revision: &apos;03f8ede370&apos;
System info: os.name: &apos;Windows 10&apos;, os.arch: &apos;amd64&apos;, os.version: &apos;10.0&apos;, java.version: &apos;17.0.8.1&apos;
Driver info: org.openqa.selenium.chrome.ChromeDriver
Command: [d9004512dabcbc3d2edb3bb9b803e460, findElement {using=xpath, value=/html/body/div[2]/div[8]/div/div/div[1]/div[1]/div/div/form/div[1]/div/input}]
Capabilities {acceptInsecureCerts: false, browserName: chrome, browserVersion: 114.0.5735.199, chrome: {chromedriverVersion: 114.0.5735.90 (386bc09e8f4f..., userDataDir: C:\Users\LSRINI~1\AppData\L...}, goog:chromeOptions: {debuggerAddress: localhost:53360}, networkConnectionEnabled: false, pageLoadStrategy: normal, platformName: windows, proxy: Proxy(), se:cdp: ws://localhost:53360/devtoo..., se:cdpVersion: 114.0.5735.199, setWindowRect: true, strictFileInteractability: false, timeouts: {implicit: 0, pageLoad: 300000, script: 30000}, unhandledPromptBehavior: dismiss and notify, webauthn:extension:credBlob: true, webauthn:extension:largeBlob: true, webauthn:extension:minPinLength: true, webauthn:extension:prf: true, webauthn:virtualAuthenticators: true}
Session ID: d9004512dabcbc3d2edb3bb9b803e460
	at java.base/jdk.internal.reflect.NativeConstructorAccessorImpl.newInstance0(Native Method)
	at java.base/jdk.internal.reflect.NativeConstructorAccessorImpl.newInstance(NativeConstructorAccessorImpl.java:77)
	at java.base/jdk.internal.reflect.DelegatingConstructorAccessorImpl.newInstance(DelegatingConstructorAccessorImpl.java:45)
	at java.base/java.lang.reflect.Constructor.newInstanceWithCaller(Constructor.java:499)
	at java.base/java.lang.reflect.Constructor.newInstance(Constructor.java:480)
	at org.openqa.selenium.remote.codec.w3c.W3CHttpResponseCodec.createException(W3CHttpResponseCodec.java:200)
	at org.openqa.selenium.remote.codec.w3c.W3CHttpResponseCodec.decode(W3CHttpResponseCodec.java:133)
	at org.openqa.selenium.remote.codec.w3c.W3CHttpResponseCodec.decode(W3CHttpResponseCodec.java:52)
	at org.openqa.selenium.remote.HttpCommandExecutor.execute(HttpCommandExecutor.java:191)
	at org.openqa.selenium.remote.service.DriverCommandExecutor.invokeExecute(DriverCommandExecutor.java:200)
	at org.openqa.selenium.remote.service.DriverCommandExecutor.execute(DriverCommandExecutor.java:175)
	at org.openqa.selenium.remote.RemoteWebDriver.execute(RemoteWebDriver.java:602)
	at org.openqa.selenium.remote.ElementLocation$ElementFinder$2.findElement(ElementLocation.java:165)
	at org.openqa.selenium.remote.ElementLocation.findElement(ElementLocation.java:59)
	at org.openqa.selenium.remote.RemoteWebDriver.findElement(RemoteWebDriver.java:359)
	at org.openqa.selenium.remote.RemoteWebDriver.findElement(RemoteWebDriver.java:353)
	at org.openqa.selenium.support.pagefactory.DefaultElementLocator.findElement(DefaultElementLocator.java:68)
	at org.openqa.selenium.support.pagefactory.internal.LocatingElementHandler.invoke(LocatingElementHandler.java:38)
	at jdk.proxy2/jdk.proxy2.$Proxy40.sendKeys(Unknown Source)
	at com.Khelmart.Logesh.LoginPageAction.setEmail(LoginPageAction.java:25)
	at com.Khelmart.Logesh.Logindefination.user_enters_the_valid_email_id(Logindefination.java:36)
	at ✽.User enters the valid email-id(file:///C:/Users/lsrinivasan/final%20project/Logesh/src/test/resource/Features/Login.feature:8)
</div></td></tr></table><p class="totop"><a href="#summary">back to summary</a></p>
<h3 id="m4">com.Khelmart.Logesh.TestRunner#runScenario</h3><table class="result"><tr class="param"><th>Parameter #1</th><th>Parameter #2</th></tr><tr class="param stripe"><td>&quot;List the product by Category&quot;</td><td>&quot;List the Product by Selecting product Category&quot;</td></tr><tr><th colspan="2">Exception</th></tr><tr><td colspan="2"><div class="stacktrace">org.openqa.selenium.ElementNotInteractableException: element not interactable
  (Session info: chrome=114.0.5735.199)
Build info: version: &apos;4.14.1&apos;, revision: &apos;03f8ede370&apos;
System info: os.name: &apos;Windows 10&apos;, os.arch: &apos;amd64&apos;, os.version: &apos;10.0&apos;, java.version: &apos;17.0.8.1&apos;
Driver info: org.openqa.selenium.chrome.ChromeDriver
Command: [cc6501a0919f3b135f6aa314e5a70ac3, sendKeysToElement {id=292A21AF25A07C76935021D1E85CB273_element_50, value=[Ljava.lang.CharSequence;@12e253af}]
Capabilities {acceptInsecureCerts: false, browserName: chrome, browserVersion: 114.0.5735.199, chrome: {chromedriverVersion: 114.0.5735.90 (386bc09e8f4f..., userDataDir: C:\Users\LSRINI~1\AppData\L...}, goog:chromeOptions: {debuggerAddress: localhost:53362}, networkConnectionEnabled: false, pageLoadStrategy: normal, platformName: windows, proxy: Proxy(), se:cdp: ws://localhost:53362/devtoo..., se:cdpVersion: 114.0.5735.199, setWindowRect: true, strictFileInteractability: false, timeouts: {implicit: 0, pageLoad: 300000, script: 30000}, unhandledPromptBehavior: dismiss and notify, webauthn:extension:credBlob: true, webauthn:extension:largeBlob: true, webauthn:extension:minPinLength: true, webauthn:extension:prf: true, webauthn:virtualAuthenticators: true}
Element: [[ChromeDriver: chrome on windows (cc6501a0919f3b135f6aa314e5a70ac3)] -&gt; xpath: /html/body/div[2]/div[8]/div/div/div[1]/div[1]/div/div/form/div[1]/div/input]
Session ID: cc6501a0919f3b135f6aa314e5a70ac3
	at java.base/jdk.internal.reflect.NativeConstructorAccessorImpl.newInstance0(Native Method)
	at java.base/jdk.internal.reflect.NativeConstructorAccessorImpl.newInstance(NativeConstructorAccessorImpl.java:77)
	at java.base/jdk.internal.reflect.DelegatingConstructorAccessorImpl.newInstance(DelegatingConstructorAccessorImpl.java:45)
	at java.base/java.lang.reflect.Constructor.newInstanceWithCaller(Constructor.java:499)
	at java.base/java.lang.reflect.Constructor.newInstance(Constructor.java:480)
	at org.openqa.selenium.remote.codec.w3c.W3CHttpResponseCodec.createException(W3CHttpResponseCodec.java:200)
	at org.openqa.selenium.remote.codec.w3c.W3CHttpResponseCodec.decode(W3CHttpResponseCodec.java:133)
	at org.openqa.selenium.remote.codec.w3c.W3CHttpResponseCodec.decode(W3CHttpResponseCodec.java:52)
	at org.openqa.selenium.remote.HttpCommandExecutor.execute(HttpCommandExecutor.java:191)
	at org.openqa.selenium.remote.service.DriverCommandExecutor.invokeExecute(DriverCommandExecutor.java:200)
	at org.openqa.selenium.remote.service.DriverCommandExecutor.execute(DriverCommandExecutor.java:175)
	at org.openqa.selenium.remote.RemoteWebDriver.execute(RemoteWebDriver.java:602)
	at org.openqa.selenium.remote.RemoteWebElement.execute(RemoteWebElement.java:224)
	at org.openqa.selenium.remote.RemoteWebElement.sendKeys(RemoteWebElement.java:111)
	at java.base/jdk.internal.reflect.NativeMethodAccessorImpl.invoke0(Native Method)
	at java.base/jdk.internal.reflect.NativeMethodAccessorImpl.invoke(NativeMethodAccessorImpl.java:77)
	at java.base/jdk.internal.reflect.DelegatingMethodAccessorImpl.invoke(DelegatingMethodAccessorImpl.java:43)
	at java.base/java.lang.reflect.Method.invoke(Method.java:568)
	at org.openqa.selenium.support.pagefactory.internal.LocatingElementHandler.invoke(LocatingElementHandler.java:51)
	at jdk.proxy2/jdk.proxy2.$Proxy40.sendKeys(Unknown Source)
	at com.Khelmart.Logesh.LoginPageAction.setEmail(LoginPageAction.java:25)
	at com.Khelmart.Logesh.Logindefination.user_enters_the_valid_email_id(Logindefination.java:36)
	at ✽.User enters the valid email-id(file:///C:/Users/lsrinivasan/final%20project/Logesh/src/test/resource/Features/TeamSport.feature:6)
</div></td></tr></table><p class="totop"><a href="#summary">back to summary</a></p>
</body>
</html>
